Start testing: May 04 17:20 CDT
----------------------------------------------------------
202/228 Testing: test_ra_usb
202/228 Test: test_ra_usb
Command: "/Users/bsikar/Documents/github/ra8d2-firmware/build_test/test_ra_usb"
Directory: /Users/bsikar/Documents/github/ra8d2-firmware/build_test
"test_ra_usb" start time: May 04 17:20 CDT
Output:
----------------------------------------------------------
<end of output>
Test time =   0.00 sec
----------------------------------------------------------
Test Failed.
"test_ra_usb" end time: May 04 17:20 CDT
"test_ra_usb" time elapsed: 00:00:00
----------------------------------------------------------

203/228 Testing: test_ra_usb_cdc
203/228 Test: test_ra_usb_cdc
Command: "/Users/bsikar/Documents/github/ra8d2-firmware/build_test/test_ra_usb_cdc"
Directory: /Users/bsikar/Documents/github/ra8d2-firmware/build_test
"test_ra_usb_cdc" start time: May 04 17:20 CDT
Output:
----------------------------------------------------------
<end of output>
Test time =   0.00 sec
----------------------------------------------------------
Test Failed.
"test_ra_usb_cdc" end time: May 04 17:20 CDT
"test_ra_usb_cdc" time elapsed: 00:00:00
----------------------------------------------------------

204/228 Testing: test_ra_usb_composite
204/228 Test: test_ra_usb_composite
Command: "/Users/bsikar/Documents/github/ra8d2-firmware/build_test/test_ra_usb_composite"
Directory: /Users/bsikar/Documents/github/ra8d2-firmware/build_test
"test_ra_usb_composite" start time: May 04 17:20 CDT
Output:
----------------------------------------------------------
<end of output>
Test time =   0.00 sec
----------------------------------------------------------
Test Failed.
"test_ra_usb_composite" end time: May 04 17:20 CDT
"test_ra_usb_composite" time elapsed: 00:00:00
----------------------------------------------------------

205/228 Testing: test_ra_usb_haud
205/228 Test: test_ra_usb_haud
Command: "/Users/bsikar/Documents/github/ra8d2-firmware/build_test/test_ra_usb_haud"
Directory: /Users/bsikar/Documents/github/ra8d2-firmware/build_test
"test_ra_usb_haud" start time: May 04 17:20 CDT
Output:
----------------------------------------------------------
<end of output>
Test time =   0.00 sec
----------------------------------------------------------
Test Failed.
"test_ra_usb_haud" end time: May 04 17:20 CDT
"test_ra_usb_haud" time elapsed: 00:00:00
----------------------------------------------------------

206/228 Testing: test_ra_usb_hcdc
206/228 Test: test_ra_usb_hcdc
Command: "/Users/bsikar/Documents/github/ra8d2-firmware/build_test/test_ra_usb_hcdc"
Directory: /Users/bsikar/Documents/github/ra8d2-firmware/build_test
"test_ra_usb_hcdc" start time: May 04 17:20 CDT
Output:
----------------------------------------------------------
<end of output>
Test time =   0.00 sec
----------------------------------------------------------
Test Failed.
"test_ra_usb_hcdc" end time: May 04 17:20 CDT
"test_ra_usb_hcdc" time elapsed: 00:00:00
----------------------------------------------------------

207/228 Testing: test_ra_usb_hcdc_ecm
207/228 Test: test_ra_usb_hcdc_ecm
Command: "/Users/bsikar/Documents/github/ra8d2-firmware/build_test/test_ra_usb_hcdc_ecm"
Directory: /Users/bsikar/Documents/github/ra8d2-firmware/build_test
"test_ra_usb_hcdc_ecm" start time: May 04 17:20 CDT
Output:
----------------------------------------------------------
<end of output>
Test time =   0.00 sec
----------------------------------------------------------
Test Failed.
"test_ra_usb_hcdc_ecm" end time: May 04 17:20 CDT
"test_ra_usb_hcdc_ecm" time elapsed: 00:00:00
----------------------------------------------------------

208/228 Testing: test_ra_usb_hhid
208/228 Test: test_ra_usb_hhid
Command: "/Users/bsikar/Documents/github/ra8d2-firmware/build_test/test_ra_usb_hhid"
Directory: /Users/bsikar/Documents/github/ra8d2-firmware/build_test
"test_ra_usb_hhid" start time: May 04 17:20 CDT
Output:
----------------------------------------------------------
<end of output>
Test time =   0.00 sec
----------------------------------------------------------
Test Failed.
"test_ra_usb_hhid" end time: May 04 17:20 CDT
"test_ra_usb_hhid" time elapsed: 00:00:00
----------------------------------------------------------

209/228 Testing: test_ra_usb_hhub
209/228 Test: test_ra_usb_hhub
Command: "/Users/bsikar/Documents/github/ra8d2-firmware/build_test/test_ra_usb_hhub"
Directory: /Users/bsikar/Documents/github/ra8d2-firmware/build_test
"test_ra_usb_hhub" start time: May 04 17:20 CDT
Output:
----------------------------------------------------------
<end of output>
Test time =   0.00 sec
----------------------------------------------------------
Test Failed.
"test_ra_usb_hhub" end time: May 04 17:20 CDT
"test_ra_usb_hhub" time elapsed: 00:00:00
----------------------------------------------------------

210/228 Testing: test_ra_usb_hmsc
210/228 Test: test_ra_usb_hmsc
Command: "/Users/bsikar/Documents/github/ra8d2-firmware/build_test/test_ra_usb_hmsc"
Directory: /Users/bsikar/Documents/github/ra8d2-firmware/build_test
"test_ra_usb_hmsc" start time: May 04 17:20 CDT
Output:
----------------------------------------------------------
<end of output>
Test time =   0.00 sec
----------------------------------------------------------
Test Failed.
"test_ra_usb_hmsc" end time: May 04 17:20 CDT
"test_ra_usb_hmsc" time elapsed: 00:00:00
----------------------------------------------------------

211/228 Testing: test_ra_usb_pal
211/228 Test: test_ra_usb_pal
Command: "/Users/bsikar/Documents/github/ra8d2-firmware/build_test/test_ra_usb_pal"
Directory: /Users/bsikar/Documents/github/ra8d2-firmware/build_test
"test_ra_usb_pal" start time: May 04 17:20 CDT
Output:
----------------------------------------------------------
<end of output>
Test time =   0.00 sec
----------------------------------------------------------
Test Failed.
"test_ra_usb_pal" end time: May 04 17:20 CDT
"test_ra_usb_pal" time elapsed: 00:00:00
----------------------------------------------------------

212/228 Testing: test_ra_usb_paud
212/228 Test: test_ra_usb_paud
Command: "/Users/bsikar/Documents/github/ra8d2-firmware/build_test/test_ra_usb_paud"
Directory: /Users/bsikar/Documents/github/ra8d2-firmware/build_test
"test_ra_usb_paud" start time: May 04 17:20 CDT
Output:
----------------------------------------------------------
<end of output>
Test time =   0.00 sec
----------------------------------------------------------
Test Failed.
"test_ra_usb_paud" end time: May 04 17:20 CDT
"test_ra_usb_paud" time elapsed: 00:00:00
----------------------------------------------------------

213/228 Testing: test_ra_usb_phid
213/228 Test: test_ra_usb_phid
Command: "/Users/bsikar/Documents/github/ra8d2-firmware/build_test/test_ra_usb_phid"
Directory: /Users/bsikar/Documents/github/ra8d2-firmware/build_test
"test_ra_usb_phid" start time: May 04 17:20 CDT
Output:
----------------------------------------------------------
<end of output>
Test time =   0.00 sec
----------------------------------------------------------
Test Failed.
"test_ra_usb_phid" end time: May 04 17:20 CDT
"test_ra_usb_phid" time elapsed: 00:00:00
----------------------------------------------------------

214/228 Testing: test_ra_usb_pmsc
214/228 Test: test_ra_usb_pmsc
Command: "/Users/bsikar/Documents/github/ra8d2-firmware/build_test/test_ra_usb_pmsc"
Directory: /Users/bsikar/Documents/github/ra8d2-firmware/build_test
"test_ra_usb_pmsc" start time: May 04 17:20 CDT
Output:
----------------------------------------------------------
<end of output>
Test time =   0.00 sec
----------------------------------------------------------
Test Failed.
"test_ra_usb_pmsc" end time: May 04 17:20 CDT
"test_ra_usb_pmsc" time elapsed: 00:00:00
----------------------------------------------------------

215/228 Testing: test_ra_usb_pprn
215/228 Test: test_ra_usb_pprn
Command: "/Users/bsikar/Documents/github/ra8d2-firmware/build_test/test_ra_usb_pprn"
Directory: /Users/bsikar/Documents/github/ra8d2-firmware/build_test
"test_ra_usb_pprn" start time: May 04 17:20 CDT
Output:
----------------------------------------------------------
<end of output>
Test time =   0.00 sec
----------------------------------------------------------
Test Failed.
"test_ra_usb_pprn" end time: May 04 17:20 CDT
"test_ra_usb_pprn" time elapsed: 00:00:00
----------------------------------------------------------

216/228 Testing: test_ra_usb_pvnd
216/228 Test: test_ra_usb_pvnd
Command: "/Users/bsikar/Documents/github/ra8d2-firmware/build_test/test_ra_usb_pvnd"
Directory: /Users/bsikar/Documents/github/ra8d2-firmware/build_test
"test_ra_usb_pvnd" start time: May 04 17:20 CDT
Output:
----------------------------------------------------------
<end of output>
Test time =   0.00 sec
----------------------------------------------------------
Test Failed.
"test_ra_usb_pvnd" end time: May 04 17:20 CDT
"test_ra_usb_pvnd" time elapsed: 00:00:00
----------------------------------------------------------

225/228 Testing: test_ux_dcd_ra_usb
225/228 Test: test_ux_dcd_ra_usb
Command: "/Users/bsikar/Documents/github/ra8d2-firmware/build_test/test_ux_dcd_ra_usb"
Directory: /Users/bsikar/Documents/github/ra8d2-firmware/build_test
"test_ux_dcd_ra_usb" start time: May 04 17:20 CDT
Output:
----------------------------------------------------------
<end of output>
Test time =   0.00 sec
----------------------------------------------------------
Test Failed.
"test_ux_dcd_ra_usb" end time: May 04 17:20 CDT
"test_ux_dcd_ra_usb" time elapsed: 00:00:00
----------------------------------------------------------

226/228 Testing: test_ux_hcd_ra_usb
226/228 Test: test_ux_hcd_ra_usb
Command: "/Users/bsikar/Documents/github/ra8d2-firmware/build_test/test_ux_hcd_ra_usb"
Directory: /Users/bsikar/Documents/github/ra8d2-firmware/build_test
"test_ux_hcd_ra_usb" start time: May 04 17:20 CDT
Output:
----------------------------------------------------------
<end of output>
Test time =   0.00 sec
----------------------------------------------------------
Test Failed.
"test_ux_hcd_ra_usb" end time: May 04 17:20 CDT
"test_ux_hcd_ra_usb" time elapsed: 00:00:00
----------------------------------------------------------

End testing: May 04 17:20 CDT
